<?xml version="1.0" encoding="UTF-8"?>
<testng-results ignored="0" total="1" passed="1" failed="0" skipped="0">
  <reporter-output>
  </reporter-output>
  <suite started-at="2022-03-17T17:43:10 EDT" name="Default suite" finished-at="2022-03-17T17:44:07 EDT" duration-ms="56391">
    <groups>
    </groups>
    <test started-at="2022-03-17T17:43:10 EDT" name="Default test" finished-at="2022-03-17T17:44:07 EDT" duration-ms="56391">
      <class name="ebayTests.SearchItemsTest">
        <test-method signature="searchItem()[pri:0, instance:ebayTests.SearchItemsTest@111610e6]" started-at="2022-03-17T17:43:10 EDT" name="searchItem" finished-at="2022-03-17T17:44:07 EDT" duration-ms="56364" status="PASS">
          <reporter-output>
          </reporter-output>
        </test-method> <!-- searchItem -->
      </class> <!-- ebayTests.SearchItemsTest -->
    </test> <!-- Default test -->
  </suite> <!-- Default suite -->
</testng-results>
