<?xml version="1.0" encoding="UTF-8"?>
<testng-results ignored="0" total="1" passed="1" failed="0" skipped="0">
  <reporter-output>
  </reporter-output>
  <suite started-at="2022-03-17T23:26:50 EDT" name="Default suite" finished-at="2022-03-17T23:27:51 EDT" duration-ms="61131">
    <groups>
    </groups>
    <test started-at="2022-03-17T23:26:50 EDT" name="Default test" finished-at="2022-03-17T23:27:51 EDT" duration-ms="61131">
      <class name="targetTests.HomePageTest">
        <test-method signature="Search()[pri:0, instance:targetTests.HomePageTest@4925f4f5]" started-at="2022-03-17T23:26:50 EDT" name="Search" finished-at="2022-03-17T23:27:51 EDT" duration-ms="61101" status="PASS">
          <reporter-output>
          </reporter-output>
        </test-method> <!-- Search -->
      </class> <!-- targetTests.HomePageTest -->
    </test> <!-- Default test -->
  </suite> <!-- Default suite -->
</testng-results>
