<?xml version="1.0" encoding="UTF-8"?>
<testng-results ignored="0" total="2" passed="2" failed="0" skipped="0">
  <reporter-output>
  </reporter-output>
  <suite started-at="2022-03-22T01:15:18 EDT" name="Default suite" finished-at="2022-03-22T01:16:20 EDT" duration-ms="61295">
    <groups>
    </groups>
    <test started-at="2022-03-22T01:15:18 EDT" name="Default test" finished-at="2022-03-22T01:16:20 EDT" duration-ms="61295">
      <class name="targetTests.HomePageTest">
        <test-method signature="Search()[pri:0, instance:targetTests.HomePageTest@1ad926d3]" started-at="2022-03-22T01:15:18 EDT" name="Search" finished-at="2022-03-22T01:15:19 EDT" duration-ms="863" status="PASS">
          <reporter-output>
          </reporter-output>
        </test-method> <!-- Search -->
        <test-method signature="writeResults()[pri:0, instance:targetTests.HomePageTest@1ad926d3]" started-at="2022-03-22T01:15:19 EDT" name="writeResults" finished-at="2022-03-22T01:16:20 EDT" duration-ms="60406" status="PASS">
          <reporter-output>
          </reporter-output>
        </test-method> <!-- writeResults -->
      </class> <!-- targetTests.HomePageTest -->
    </test> <!-- Default test -->
  </suite> <!-- Default suite -->
</testng-results>
